<ShowPlanXML xmlns="http://schemas.microsoft.com/sqlserver/2004/07/showplan" Version="1.564" Build="16.0.1000.6">
	<BatchSequence>
		<Batch>
			<Statements>
				<StmtSimple StatementText="SELECT [c].[Id], [c].[LastEdited], [c].[Name15]&#xd;&#xa;FROM [Customers] AS [c]&#xd;&#xa;INNER JOIN [Profiles] AS [p] ON [c].[ProfileId] = [p].[Id]&#xd;&#xa;WHERE [p].[Id] IN (&#xd;&#xa;    SELECT [b].[value]&#xd;&#xa;    FROM OPENJSON(@__biggestLicenses_0) WITH ([value] int &apos;$&apos;) AS [b]&#xd;&#xa;)&#xd;&#xa;ORDER BY [c].[LastEdited] DESC&#xd;&#xa;OFFSET @__p_1 ROWS FETCH NEXT @__p_2 ROWS ONLY" StatementId="1" StatementCompId="4" StatementType="SELECT" StatementSqlHandle="0x0900A1C11C51538664D568A9756DE1AB78940000000000000000000000000000000000000000000000000000" DatabaseContextSettingsId="4" ParentObjectId="0" StatementParameterizationType="0" RetrievedFromCache="true" StatementSubTreeCost="9.26121" StatementEstRows="100" SecurityPolicyApplied="false" StatementOptmLevel="FULL" QueryHash="0x592D58FA1B683E4B" QueryPlanHash="0xE82ABD131485D93A" CardinalityEstimationModelVersion="160">
					<StatementSetOptions QUOTED_IDENTIFIER="true" ARITHABORT="true" CONCAT_NULL_YIELDS_NULL="true" ANSI_NULLS="true" ANSI_PADDING="true" ANSI_WARNINGS="true" NUMERIC_ROUNDABORT="false">
					</StatementSetOptions>
					<QueryPlan DegreeOfParallelism="8" MemoryGrant="235520" CachedPlanSize="64" CompileTime="20" CompileCPU="20" CompileMemory="1328">
						<ThreadStat Branches="2" UsedThreads="9">
							<ThreadReservation NodeId="0" ReservedThreads="16">
							</ThreadReservation>
						</ThreadStat>
						<MemoryGrantInfo SerialRequiredMemory="2080" SerialDesiredMemory="219944" RequiredMemory="17600" DesiredMemory="235520" RequestedMemory="235520" GrantWaitTime="0" MaxQueryMemory="7150096" GrantedMemory="235520" MaxUsedMemory="22216" LastRequestedMemory="0" IsMemoryGrantFeedbackAdjusted="No: First Execution">
						</MemoryGrantInfo>
						<OptimizerHardwareDependentProperties EstimatedAvailableMemoryGrant="418954" EstimatedPagesCached="418954" EstimatedAvailableDegreeOfParallelism="8" MaxCompileMemory="28821016">
						</OptimizerHardwareDependentProperties>
						<OptimizerStatsUsage>
							<StatisticsInfo LastUpdate="2023-12-08T02:15:06.15" ModificationCount="0" SamplingPercent="2.39032" Statistics="[IX_Customers_ProfileId_Locked]" Table="[Customers]" Schema="[dbo]" Database="[EFC_Contains_Json_Regression]">
							</StatisticsInfo>
							<StatisticsInfo LastUpdate="2023-12-08T02:10:13.14" ModificationCount="0" SamplingPercent="2.37776" Statistics="[_WA_Sys_00000004_49C3F6B7]" Table="[Customers]" Schema="[dbo]" Database="[EFC_Contains_Json_Regression]">
							</StatisticsInfo>
							<StatisticsInfo LastUpdate="2023-12-08T02:02:27.93" ModificationCount="0" SamplingPercent="100" Statistics="[PK_Profiles]" Table="[Profiles]" Schema="[dbo]" Database="[EFC_Contains_Json_Regression]">
							</StatisticsInfo>
							<StatisticsInfo LastUpdate="2023-12-08T02:10:13.07" ModificationCount="0" SamplingPercent="2.39032" Statistics="[IX_Customers_LastEdited]" Table="[Customers]" Schema="[dbo]" Database="[EFC_Contains_Json_Regression]">
							</StatisticsInfo>
							<StatisticsInfo LastUpdate="2023-12-08T02:09:53.33" ModificationCount="21" SamplingPercent="2.29386" Statistics="[PK_Customers]" Table="[Customers]" Schema="[dbo]" Database="[EFC_Contains_Json_Regression]">
							</StatisticsInfo>
						</OptimizerStatsUsage>
						<WaitStats>
							<Wait WaitType="CXSYNC_PORT" WaitTimeMs="2337" WaitCount="18">
							</Wait>
							<Wait WaitType="RESERVED_MEMORY_ALLOCATION_EXT" WaitTimeMs="1" WaitCount="3506">
							</Wait>
						</WaitStats>
						<QueryTimeStats ElapsedTime="299" CpuTime="357">
						</QueryTimeStats>
						<RelOp NodeId="0" PhysicalOp="Top" LogicalOp="Top" EstimateRows="100" EstimateIO="0" EstimateCPU="1e-05" AvgRowSize="4047" EstimatedTotalSubtreeCost="9.26121" Parallel="0" EstimateRebinds="0" EstimateRewinds="0" EstimatedExecutionMode="Row">
							<OutputList>
								<ColumnReference Database="[EFC_Contains_Json_Regression]" Schema="[dbo]" Table="[Customers]" Alias="[c]" Column="Id">
								</ColumnReference>
								<ColumnReference Database="[EFC_Contains_Json_Regression]" Schema="[dbo]" Table="[Customers]" Alias="[c]" Column="LastEdited">
								</ColumnReference>
								<ColumnReference Database="[EFC_Contains_Json_Regression]" Schema="[dbo]" Table="[Customers]" Alias="[c]" Column="Name15">
								</ColumnReference>
							</OutputList>
							<RunTimeInformation>
								<RunTimeCountersPerThread Thread="0" ActualRows="25" Batches="0" ActualElapsedms="299" ActualCPUms="0" ActualEndOfScans="1" ActualExecutions="1" ActualExecutionMode="Row">
								</RunTimeCountersPerThread>
							</RunTimeInformation>
							<Top RowCount="0" IsPercent="0" WithTies="0">
								<OffsetExpression>
									<ScalarOperator ScalarString="CONVERT_IMPLICIT(bigint,[@__p_1],0)">
										<Identifier>
											<ColumnReference Column="ConstExpr1004">
												<ScalarOperator>
													<Convert DataType="bigint" Style="0" Implicit="1">
														<ScalarOperator>
															<Identifier>
																<ColumnReference Column="@__p_1">
																</ColumnReference>
															</Identifier>
														</ScalarOperator>
													</Convert>
												</ScalarOperator>
											</ColumnReference>
										</Identifier>
									</ScalarOperator>
								</OffsetExpression>
								<TopExpression>
									<ScalarOperator ScalarString="CONVERT_IMPLICIT(bigint,[@__p_2],0)">
										<Identifier>
											<ColumnReference Column="ConstExpr1003">
												<ScalarOperator>
													<Convert DataType="bigint" Style="0" Implicit="1">
														<ScalarOperator>
															<Identifier>
																<ColumnReference Column="@__p_2">
																</ColumnReference>
															</Identifier>
														</ScalarOperator>
													</Convert>
												</ScalarOperator>
											</ColumnReference>
										</Identifier>
									</ScalarOperator>
								</TopExpression>
								<RelOp NodeId="1" PhysicalOp="Parallelism" LogicalOp="Gather Streams" EstimateRows="100" EstimateRowsWithoutRowGoal="38277.6" EstimateIO="0" EstimateCPU="0.0326632" AvgRowSize="4047" EstimatedTotalSubtreeCost="9.2612" Parallel="1" EstimateRebinds="0" EstimateRewinds="0" EstimatedExecutionMode="Row">
									<OutputList>
										<ColumnReference Database="[EFC_Contains_Json_Regression]" Schema="[dbo]" Table="[Customers]" Alias="[c]" Column="Id">
										</ColumnReference>
										<ColumnReference Database="[EFC_Contains_Json_Regression]" Schema="[dbo]" Table="[Customers]" Alias="[c]" Column="LastEdited">
										</ColumnReference>
										<ColumnReference Database="[EFC_Contains_Json_Regression]" Schema="[dbo]" Table="[Customers]" Alias="[c]" Column="Name15">
										</ColumnReference>
									</OutputList>
									<RunTimeInformation>
										<RunTimeCountersPerThread Thread="0" ActualRows="25" Batches="0" ActualElapsedms="299" ActualCPUms="0" ActualEndOfScans="0" ActualExecutions="1" ActualExecutionMode="Row">
										</RunTimeCountersPerThread>
									</RunTimeInformation>
									<Parallelism>
										<OrderBy>
											<OrderByColumn Ascending="0">
												<ColumnReference Database="[EFC_Contains_Json_Regression]" Schema="[dbo]" Table="[Customers]" Alias="[c]" Column="LastEdited">
												</ColumnReference>
											</OrderByColumn>
										</OrderBy>
										<RelOp NodeId="2" PhysicalOp="Sort" LogicalOp="Sort" EstimateRows="100" EstimateRowsWithoutRowGoal="38277.6" EstimateIO="0.00140766" EstimateCPU="0.334363" AvgRowSize="4047" EstimatedTotalSubtreeCost="9.22854" Parallel="1" EstimateRebinds="0" EstimateRewinds="0" EstimatedExecutionMode="Row">
											<OutputList>
												<ColumnReference Database="[EFC_Contains_Json_Regression]" Schema="[dbo]" Table="[Customers]" Alias="[c]" Column="Id">
												</ColumnReference>
												<ColumnReference Database="[EFC_Contains_Json_Regression]" Schema="[dbo]" Table="[Customers]" Alias="[c]" Column="LastEdited">
												</ColumnReference>
												<ColumnReference Database="[EFC_Contains_Json_Regression]" Schema="[dbo]" Table="[Customers]" Alias="[c]" Column="Name15">
												</ColumnReference>
											</OutputList>
											<MemoryFractions Input="0.981787" Output="1">
											</MemoryFractions>
											<RunTimeInformation>
												<RunTimeCountersPerThread Thread="8" ActualRows="0" Batches="0" ActualElapsedms="0" ActualCPUms="0" ActualScans="0" ActualLogicalReads="0" ActualPhysicalReads="0" ActualReadAheads="0" ActualLobLogicalReads="0" ActualLobPhysicalReads="0" ActualLobReadAheads="0" ActualRebinds="1" ActualRewinds="0" ActualEndOfScans="1" ActualExecutions="1" InputMemoryGrant="27248" OutputMemoryGrant="27368" UsedMemoryGrant="0" ActualExecutionMode="Row">
												</RunTimeCountersPerThread>
												<RunTimeCountersPerThread Thread="7" ActualRows="13" Batches="0" ActualElapsedms="27" ActualCPUms="27" ActualScans="0" ActualLogicalReads="0" ActualPhysicalReads="0" ActualReadAheads="0" ActualLobLogicalReads="0" ActualLobPhysicalReads="0" ActualLobReadAheads="0" ActualRebinds="1" ActualRewinds="0" ActualEndOfScans="0" ActualExecutions="1" InputMemoryGrant="27248" OutputMemoryGrant="27368" UsedMemoryGrant="1696" ActualExecutionMode="Row">
												</RunTimeCountersPerThread>
												<RunTimeCountersPerThread Thread="6" ActualRows="0" Batches="0" ActualElapsedms="0" ActualCPUms="0" ActualScans="0" ActualLogicalReads="0" ActualPhysicalReads="0" ActualReadAheads="0" ActualLobLogicalReads="0" ActualLobPhysicalReads="0" ActualLobReadAheads="0" ActualRebinds="1" ActualRewinds="0" ActualEndOfScans="1" ActualExecutions="1" InputMemoryGrant="27248" OutputMemoryGrant="27368" UsedMemoryGrant="0" ActualExecutionMode="Row">
												</RunTimeCountersPerThread>
												<RunTimeCountersPerThread Thread="5" ActualRows="15" Batches="0" ActualElapsedms="27" ActualCPUms="27" ActualScans="0" ActualLogicalReads="0" ActualPhysicalReads="0" ActualReadAheads="0" ActualLobLogicalReads="0" ActualLobPhysicalReads="0" ActualLobReadAheads="0" ActualRebinds="1" ActualRewinds="0" ActualEndOfScans="0" ActualExecutions="1" InputMemoryGrant="27248" OutputMemoryGrant="27368" UsedMemoryGrant="1696" ActualExecutionMode="Row">
												</RunTimeCountersPerThread>
												<RunTimeCountersPerThread Thread="4" ActualRows="0" Batches="0" ActualElapsedms="0" ActualCPUms="0" ActualScans="0" ActualLogicalReads="0" ActualPhysicalReads="0" ActualReadAheads="0" ActualLobLogicalReads="0" ActualLobPhysicalReads="0" ActualLobReadAheads="0" ActualRebinds="1" ActualRewinds="0" ActualEndOfScans="1" ActualExecutions="1" InputMemoryGrant="27248" OutputMemoryGrant="27368" UsedMemoryGrant="0" ActualExecutionMode="Row">
												</RunTimeCountersPerThread>
												<RunTimeCountersPerThread Thread="3" ActualRows="33" Batches="0" ActualElapsedms="299" ActualCPUms="298" ActualScans="0" ActualLogicalReads="0" ActualPhysicalReads="0" ActualReadAheads="0" ActualLobLogicalReads="0" ActualLobPhysicalReads="0" ActualLobReadAheads="0" ActualRebinds="1" ActualRewinds="0" ActualEndOfScans="0" ActualExecutions="1" InputMemoryGrant="27248" OutputMemoryGrant="27368" UsedMemoryGrant="17400" ActualExecutionMode="Row">
												</RunTimeCountersPerThread>
												<RunTimeCountersPerThread Thread="2" ActualRows="0" Batches="0" ActualElapsedms="0" ActualCPUms="0" ActualScans="0" ActualLogicalReads="0" ActualPhysicalReads="0" ActualReadAheads="0" ActualLobLogicalReads="0" ActualLobPhysicalReads="0" ActualLobReadAheads="0" ActualRebinds="1" ActualRewinds="0" ActualEndOfScans="1" ActualExecutions="1" InputMemoryGrant="27248" OutputMemoryGrant="27368" UsedMemoryGrant="0" ActualExecutionMode="Row">
												</RunTimeCountersPerThread>
												<RunTimeCountersPerThread Thread="1" ActualRows="0" Batches="0" ActualElapsedms="0" ActualCPUms="0" ActualScans="0" ActualLogicalReads="0" ActualPhysicalReads="0" ActualReadAheads="0" ActualLobLogicalReads="0" ActualLobPhysicalReads="0" ActualLobReadAheads="0" ActualRebinds="1" ActualRewinds="0" ActualEndOfScans="1" ActualExecutions="1" InputMemoryGrant="27248" OutputMemoryGrant="27368" UsedMemoryGrant="0" ActualExecutionMode="Row">
												</RunTimeCountersPerThread>
												<RunTimeCountersPerThread Thread="0" ActualRows="0" Batches="0" ActualElapsedms="0" ActualCPUms="0" ActualScans="0" ActualLogicalReads="0" ActualPhysicalReads="0" ActualReadAheads="0" ActualLobLogicalReads="0" ActualLobPhysicalReads="0" ActualLobReadAheads="0" ActualRebinds="0" ActualRewinds="0" ActualEndOfScans="0" ActualExecutions="0" InputMemoryGrant="0" OutputMemoryGrant="0" UsedMemoryGrant="0" ActualExecutionMode="Row">
												</RunTimeCountersPerThread>
											</RunTimeInformation>
											<Sort Distinct="0">
												<OrderBy>
													<OrderByColumn Ascending="0">
														<ColumnReference Database="[EFC_Contains_Json_Regression]" Schema="[dbo]" Table="[Customers]" Alias="[c]" Column="LastEdited">
														</ColumnReference>
													</OrderByColumn>
												</OrderBy>
												<RelOp NodeId="4" PhysicalOp="Nested Loops" LogicalOp="Inner Join" EstimateRows="38945.2" EstimateIO="0" EstimateCPU="0.0203489" AvgRowSize="4047" EstimatedTotalSubtreeCost="8.89277" Parallel="1" EstimateRebinds="0" EstimateRewinds="0" EstimatedExecutionMode="Row">
													<OutputList>
														<ColumnReference Database="[EFC_Contains_Json_Regression]" Schema="[dbo]" Table="[Customers]" Alias="[c]" Column="Id">
														</ColumnReference>
														<ColumnReference Database="[EFC_Contains_Json_Regression]" Schema="[dbo]" Table="[Customers]" Alias="[c]" Column="LastEdited">
														</ColumnReference>
														<ColumnReference Database="[EFC_Contains_Json_Regression]" Schema="[dbo]" Table="[Customers]" Alias="[c]" Column="Name15">
														</ColumnReference>
													</OutputList>
													<MemoryFractions Input="0" Output="0.0179194">
													</MemoryFractions>
													<RunTimeInformation>
														<RunTimeCountersPerThread Thread="8" ActualRows="0" Batches="0" ActualElapsedms="0" ActualCPUms="0" ActualEndOfScans="1" ActualExecutions="1" InputMemoryGrant="0" OutputMemoryGrant="1000" UsedMemoryGrant="0" ActualExecutionMode="Row">
														</RunTimeCountersPerThread>
														<RunTimeCountersPerThread Thread="7" ActualRows="11002" Batches="0" ActualElapsedms="20" ActualCPUms="20" ActualEndOfScans="1" ActualExecutions="1" InputMemoryGrant="0" OutputMemoryGrant="1000" UsedMemoryGrant="264" ActualExecutionMode="Row">
														</RunTimeCountersPerThread>
														<RunTimeCountersPerThread Thread="6" ActualRows="0" Batches="0" ActualElapsedms="0" ActualCPUms="0" ActualEndOfScans="1" ActualExecutions="1" InputMemoryGrant="0" OutputMemoryGrant="1000" UsedMemoryGrant="0" ActualExecutionMode="Row">
														</RunTimeCountersPerThread>
														<RunTimeCountersPerThread Thread="5" ActualRows="11011" Batches="0" ActualElapsedms="21" ActualCPUms="20" ActualEndOfScans="1" ActualExecutions="1" InputMemoryGrant="0" OutputMemoryGrant="1000" UsedMemoryGrant="264" ActualExecutionMode="Row">
														</RunTimeCountersPerThread>
														<RunTimeCountersPerThread Thread="4" ActualRows="0" Batches="0" ActualElapsedms="0" ActualCPUms="0" ActualEndOfScans="1" ActualExecutions="1" InputMemoryGrant="0" OutputMemoryGrant="1000" UsedMemoryGrant="0" ActualExecutionMode="Row">
														</RunTimeCountersPerThread>
														<RunTimeCountersPerThread Thread="3" ActualRows="113329" Batches="0" ActualElapsedms="221" ActualCPUms="221" ActualEndOfScans="1" ActualExecutions="1" InputMemoryGrant="0" OutputMemoryGrant="1000" UsedMemoryGrant="744" ActualExecutionMode="Row">
														</RunTimeCountersPerThread>
														<RunTimeCountersPerThread Thread="2" ActualRows="0" Batches="0" ActualElapsedms="0" ActualCPUms="0" ActualEndOfScans="1" ActualExecutions="1" InputMemoryGrant="0" OutputMemoryGrant="1000" UsedMemoryGrant="0" ActualExecutionMode="Row">
														</RunTimeCountersPerThread>
														<RunTimeCountersPerThread Thread="1" ActualRows="0" Batches="0" ActualElapsedms="0" ActualCPUms="0" ActualEndOfScans="1" ActualExecutions="1" InputMemoryGrant="0" OutputMemoryGrant="1000" UsedMemoryGrant="0" ActualExecutionMode="Row">
														</RunTimeCountersPerThread>
														<RunTimeCountersPerThread Thread="0" ActualRows="0" Batches="0" ActualElapsedms="0" ActualCPUms="0" ActualEndOfScans="0" ActualExecutions="0" InputMemoryGrant="0" OutputMemoryGrant="0" UsedMemoryGrant="0" ActualExecutionMode="Row">
														</RunTimeCountersPerThread>
													</RunTimeInformation>
													<NestedLoops Optimized="1" WithUnorderedPrefetch="1">
														<OuterReferences>
															<ColumnReference Database="[EFC_Contains_Json_Regression]" Schema="[dbo]" Table="[Customers]" Alias="[c]" Column="Id">
															</ColumnReference>
															<ColumnReference Column="Expr1005">
															</ColumnReference>
														</OuterReferences>
														<RelOp NodeId="7" PhysicalOp="Nested Loops" LogicalOp="Inner Join" EstimateRows="38945.2" EstimateIO="0" EstimateCPU="0.0203489" AvgRowSize="11" EstimatedTotalSubtreeCost="0.215094" Parallel="1" EstimateRebinds="0" EstimateRewinds="0" EstimatedExecutionMode="Row">
															<OutputList>
																<ColumnReference Database="[EFC_Contains_Json_Regression]" Schema="[dbo]" Table="[Customers]" Alias="[c]" Column="Id">
																</ColumnReference>
															</OutputList>
															<MemoryFractions Input="0" Output="0.000146881">
															</MemoryFractions>
															<RunTimeInformation>
																<RunTimeCountersPerThread Thread="8" ActualRows="0" Batches="0" ActualElapsedms="0" ActualCPUms="0" ActualEndOfScans="1" ActualExecutions="1" InputMemoryGrant="0" OutputMemoryGrant="512" UsedMemoryGrant="0" ActualExecutionMode="Row">
																</RunTimeCountersPerThread>
																<RunTimeCountersPerThread Thread="7" ActualRows="11002" Batches="0" ActualElapsedms="2" ActualCPUms="2" ActualEndOfScans="1" ActualExecutions="1" InputMemoryGrant="0" OutputMemoryGrant="512" UsedMemoryGrant="0" ActualExecutionMode="Row">
																</RunTimeCountersPerThread>
																<RunTimeCountersPerThread Thread="6" ActualRows="0" Batches="0" ActualElapsedms="0" ActualCPUms="0" ActualEndOfScans="1" ActualExecutions="1" InputMemoryGrant="0" OutputMemoryGrant="512" UsedMemoryGrant="0" ActualExecutionMode="Row">
																</RunTimeCountersPerThread>
																<RunTimeCountersPerThread Thread="5" ActualRows="11011" Batches="0" ActualElapsedms="2" ActualCPUms="2" ActualEndOfScans="1" ActualExecutions="1" InputMemoryGrant="0" OutputMemoryGrant="512" UsedMemoryGrant="0" ActualExecutionMode="Row">
																</RunTimeCountersPerThread>
																<RunTimeCountersPerThread Thread="4" ActualRows="0" Batches="0" ActualElapsedms="0" ActualCPUms="0" ActualEndOfScans="1" ActualExecutions="1" InputMemoryGrant="0" OutputMemoryGrant="512" UsedMemoryGrant="0" ActualExecutionMode="Row">
																</RunTimeCountersPerThread>
																<RunTimeCountersPerThread Thread="3" ActualRows="113329" Batches="0" ActualElapsedms="23" ActualCPUms="22" ActualEndOfScans="1" ActualExecutions="1" InputMemoryGrant="0" OutputMemoryGrant="512" UsedMemoryGrant="0" ActualExecutionMode="Row">
																</RunTimeCountersPerThread>
																<RunTimeCountersPerThread Thread="2" ActualRows="0" Batches="0" ActualElapsedms="0" ActualCPUms="0" ActualEndOfScans="1" ActualExecutions="1" InputMemoryGrant="0" OutputMemoryGrant="512" UsedMemoryGrant="0" ActualExecutionMode="Row">
																</RunTimeCountersPerThread>
																<RunTimeCountersPerThread Thread="1" ActualRows="0" Batches="0" ActualElapsedms="0" ActualCPUms="0" ActualEndOfScans="1" ActualExecutions="1" InputMemoryGrant="0" OutputMemoryGrant="512" UsedMemoryGrant="0" ActualExecutionMode="Row">
																</RunTimeCountersPerThread>
																<RunTimeCountersPerThread Thread="0" ActualRows="0" Batches="0" ActualElapsedms="0" ActualCPUms="0" ActualEndOfScans="0" ActualExecutions="0" InputMemoryGrant="0" OutputMemoryGrant="0" UsedMemoryGrant="0" ActualExecutionMode="Row">
																</RunTimeCountersPerThread>
															</RunTimeInformation>
															<NestedLoops Optimized="1">
																<OuterReferences>
																	<ColumnReference Table="[OPENJSON_EXPLICIT]" Column="value">
																	</ColumnReference>
																</OuterReferences>
																<RelOp NodeId="9" PhysicalOp="Nested Loops" LogicalOp="Inner Join" EstimateRows="7.07107" EstimateIO="0" EstimateCPU="3.69463e-06" AvgRowSize="11" EstimatedTotalSubtreeCost="0.0374238" Parallel="1" EstimateRebinds="0" EstimateRewinds="0" EstimatedExecutionMode="Row">
																	<OutputList>
																		<ColumnReference Table="[OPENJSON_EXPLICIT]" Column="value">
																		</ColumnReference>
																	</OutputList>
																	<RunTimeInformation>
																		<RunTimeCountersPerThread Thread="8" ActualRows="0" Batches="0" ActualElapsedms="0" ActualCPUms="0" ActualEndOfScans="1" ActualExecutions="1" ActualExecutionMode="Row">
																		</RunTimeCountersPerThread>
																		<RunTimeCountersPerThread Thread="7" ActualRows="1" Batches="0" ActualElapsedms="0" ActualCPUms="0" ActualEndOfScans="1" ActualExecutions="1" ActualExecutionMode="Row">
																		</RunTimeCountersPerThread>
																		<RunTimeCountersPerThread Thread="6" ActualRows="0" Batches="0" ActualElapsedms="0" ActualCPUms="0" ActualEndOfScans="1" ActualExecutions="1" ActualExecutionMode="Row">
																		</RunTimeCountersPerThread>
																		<RunTimeCountersPerThread Thread="5" ActualRows="1" Batches="0" ActualElapsedms="0" ActualCPUms="0" ActualEndOfScans="1" ActualExecutions="1" ActualExecutionMode="Row">
																		</RunTimeCountersPerThread>
																		<RunTimeCountersPerThread Thread="4" ActualRows="0" Batches="0" ActualElapsedms="0" ActualCPUms="0" ActualEndOfScans="1" ActualExecutions="1" ActualExecutionMode="Row">
																		</RunTimeCountersPerThread>
																		<RunTimeCountersPerThread Thread="3" ActualRows="1" Batches="0" ActualElapsedms="0" ActualCPUms="0" ActualEndOfScans="1" ActualExecutions="1" ActualExecutionMode="Row">
																		</RunTimeCountersPerThread>
																		<RunTimeCountersPerThread Thread="2" ActualRows="0" Batches="0" ActualElapsedms="0" ActualCPUms="0" ActualEndOfScans="1" ActualExecutions="1" ActualExecutionMode="Row">
																		</RunTimeCountersPerThread>
																		<RunTimeCountersPerThread Thread="1" ActualRows="0" Batches="0" ActualElapsedms="0" ActualCPUms="0" ActualEndOfScans="1" ActualExecutions="1" ActualExecutionMode="Row">
																		</RunTimeCountersPerThread>
																		<RunTimeCountersPerThread Thread="0" ActualRows="0" Batches="0" ActualElapsedms="0" ActualCPUms="0" ActualEndOfScans="0" ActualExecutions="0" ActualExecutionMode="Row">
																		</RunTimeCountersPerThread>
																	</RunTimeInformation>
																	<NestedLoops Optimized="0">
																		<OuterReferences>
																			<ColumnReference Table="[OPENJSON_EXPLICIT]" Column="value">
																			</ColumnReference>
																		</OuterReferences>
																		<RelOp NodeId="10" PhysicalOp="Sort" LogicalOp="Distinct Sort" EstimateRows="7.07107" EstimateIO="0.00140766" EstimateCPU="6.7529e-05" AvgRowSize="11" EstimatedTotalSubtreeCost="0.0301452" Parallel="1" EstimateRebinds="0" EstimateRewinds="0" EstimatedExecutionMode="Row">
																			<OutputList>
																				<ColumnReference Table="[OPENJSON_EXPLICIT]" Column="value">
																				</ColumnReference>
																			</OutputList>
																			<MemoryFractions Input="1" Output="0.000146881">
																			</MemoryFractions>
																			<RunTimeInformation>
																				<RunTimeCountersPerThread Thread="8" ActualRows="0" Batches="0" ActualElapsedms="0" ActualCPUms="0" ActualScans="0" ActualLogicalReads="0" ActualPhysicalReads="0" ActualReadAheads="0" ActualLobLogicalReads="0" ActualLobPhysicalReads="0" ActualLobReadAheads="0" ActualRebinds="1" ActualRewinds="0" ActualEndOfScans="1" ActualExecutions="1" InputMemoryGrant="27752" OutputMemoryGrant="128" UsedMemoryGrant="0" ActualExecutionMode="Row">
																				</RunTimeCountersPerThread>
																				<RunTimeCountersPerThread Thread="7" ActualRows="1" Batches="0" ActualElapsedms="0" ActualCPUms="0" ActualScans="0" ActualLogicalReads="0" ActualPhysicalReads="0" ActualReadAheads="0" ActualLobLogicalReads="0" ActualLobPhysicalReads="0" ActualLobReadAheads="0" ActualRebinds="1" ActualRewinds="0" ActualEndOfScans="1" ActualExecutions="1" InputMemoryGrant="27752" OutputMemoryGrant="128" UsedMemoryGrant="0" ActualExecutionMode="Row">
																				</RunTimeCountersPerThread>
																				<RunTimeCountersPerThread Thread="6" ActualRows="0" Batches="0" ActualElapsedms="0" ActualCPUms="0" ActualScans="0" ActualLogicalReads="0" ActualPhysicalReads="0" ActualReadAheads="0" ActualLobLogicalReads="0" ActualLobPhysicalReads="0" ActualLobReadAheads="0" ActualRebinds="1" ActualRewinds="0" ActualEndOfScans="1" ActualExecutions="1" InputMemoryGrant="27752" OutputMemoryGrant="128" UsedMemoryGrant="0" ActualExecutionMode="Row">
																				</RunTimeCountersPerThread>
																				<RunTimeCountersPerThread Thread="5" ActualRows="1" Batches="0" ActualElapsedms="0" ActualCPUms="0" ActualScans="0" ActualLogicalReads="0" ActualPhysicalReads="0" ActualReadAheads="0" ActualLobLogicalReads="0" ActualLobPhysicalReads="0" ActualLobReadAheads="0" ActualRebinds="1" ActualRewinds="0" ActualEndOfScans="1" ActualExecutions="1" InputMemoryGrant="27752" OutputMemoryGrant="128" UsedMemoryGrant="0" ActualExecutionMode="Row">
																				</RunTimeCountersPerThread>
																				<RunTimeCountersPerThread Thread="4" ActualRows="0" Batches="0" ActualElapsedms="0" ActualCPUms="0" ActualScans="0" ActualLogicalReads="0" ActualPhysicalReads="0" ActualReadAheads="0" ActualLobLogicalReads="0" ActualLobPhysicalReads="0" ActualLobReadAheads="0" ActualRebinds="1" ActualRewinds="0" ActualEndOfScans="1" ActualExecutions="1" InputMemoryGrant="27752" OutputMemoryGrant="128" UsedMemoryGrant="0" ActualExecutionMode="Row">
																				</RunTimeCountersPerThread>
																				<RunTimeCountersPerThread Thread="3" ActualRows="1" Batches="0" ActualElapsedms="0" ActualCPUms="0" ActualScans="0" ActualLogicalReads="0" ActualPhysicalReads="0" ActualReadAheads="0" ActualLobLogicalReads="0" ActualLobPhysicalReads="0" ActualLobReadAheads="0" ActualRebinds="1" ActualRewinds="0" ActualEndOfScans="1" ActualExecutions="1" InputMemoryGrant="27752" OutputMemoryGrant="128" UsedMemoryGrant="0" ActualExecutionMode="Row">
																				</RunTimeCountersPerThread>
																				<RunTimeCountersPerThread Thread="2" ActualRows="0" Batches="0" ActualElapsedms="0" ActualCPUms="0" ActualScans="0" ActualLogicalReads="0" ActualPhysicalReads="0" ActualReadAheads="0" ActualLobLogicalReads="0" ActualLobPhysicalReads="0" ActualLobReadAheads="0" ActualRebinds="1" ActualRewinds="0" ActualEndOfScans="1" ActualExecutions="1" InputMemoryGrant="27752" OutputMemoryGrant="128" UsedMemoryGrant="0" ActualExecutionMode="Row">
																				</RunTimeCountersPerThread>
																				<RunTimeCountersPerThread Thread="1" ActualRows="0" Batches="0" ActualElapsedms="0" ActualCPUms="0" ActualScans="0" ActualLogicalReads="0" ActualPhysicalReads="0" ActualReadAheads="0" ActualLobLogicalReads="0" ActualLobPhysicalReads="0" ActualLobReadAheads="0" ActualRebinds="1" ActualRewinds="0" ActualEndOfScans="1" ActualExecutions="1" InputMemoryGrant="27752" OutputMemoryGrant="128" UsedMemoryGrant="0" ActualExecutionMode="Row">
																				</RunTimeCountersPerThread>
																				<RunTimeCountersPerThread Thread="0" ActualRows="0" Batches="0" ActualElapsedms="0" ActualCPUms="0" ActualScans="0" ActualLogicalReads="0" ActualPhysicalReads="0" ActualReadAheads="0" ActualLobLogicalReads="0" ActualLobPhysicalReads="0" ActualLobReadAheads="0" ActualRebinds="0" ActualRewinds="0" ActualEndOfScans="0" ActualExecutions="0" InputMemoryGrant="0" OutputMemoryGrant="0" UsedMemoryGrant="0" ActualExecutionMode="Row">
																				</RunTimeCountersPerThread>
																			</RunTimeInformation>
																			<Sort Distinct="1">
																				<OrderBy>
																					<OrderByColumn Ascending="1">
																						<ColumnReference Table="[OPENJSON_EXPLICIT]" Column="value">
																						</ColumnReference>
																					</OrderByColumn>
																				</OrderBy>
																				<RelOp NodeId="11" PhysicalOp="Parallelism" LogicalOp="Distribute Streams" EstimateRows="50" EstimateIO="0" EstimateCPU="0.0286198" AvgRowSize="11" EstimatedTotalSubtreeCost="0.02867" Parallel="1" EstimateRebinds="0" EstimateRewinds="0" EstimatedExecutionMode="Row">
																					<OutputList>
																						<ColumnReference Table="[OPENJSON_EXPLICIT]" Column="value">
																						</ColumnReference>
																					</OutputList>
																					<RunTimeInformation>
																						<RunTimeCountersPerThread Thread="8" ActualRows="0" Batches="0" ActualElapsedms="0" ActualCPUms="0" ActualEndOfScans="1" ActualExecutions="1" ActualExecutionMode="Row">
																						</RunTimeCountersPerThread>
																						<RunTimeCountersPerThread Thread="7" ActualRows="1" Batches="0" ActualElapsedms="0" ActualCPUms="0" ActualEndOfScans="1" ActualExecutions="1" ActualExecutionMode="Row">
																						</RunTimeCountersPerThread>
																						<RunTimeCountersPerThread Thread="6" ActualRows="0" Batches="0" ActualElapsedms="0" ActualCPUms="0" ActualEndOfScans="1" ActualExecutions="1" ActualExecutionMode="Row">
																						</RunTimeCountersPerThread>
																						<RunTimeCountersPerThread Thread="5" ActualRows="1" Batches="0" ActualElapsedms="0" ActualCPUms="0" ActualEndOfScans="1" ActualExecutions="1" ActualExecutionMode="Row">
																						</RunTimeCountersPerThread>
																						<RunTimeCountersPerThread Thread="4" ActualRows="0" Batches="0" ActualElapsedms="0" ActualCPUms="0" ActualEndOfScans="1" ActualExecutions="1" ActualExecutionMode="Row">
																						</RunTimeCountersPerThread>
																						<RunTimeCountersPerThread Thread="3" ActualRows="1" Batches="0" ActualElapsedms="0" ActualCPUms="0" ActualEndOfScans="1" ActualExecutions="1" ActualExecutionMode="Row">
																						</RunTimeCountersPerThread>
																						<RunTimeCountersPerThread Thread="2" ActualRows="0" Batches="0" ActualElapsedms="0" ActualCPUms="0" ActualEndOfScans="1" ActualExecutions="1" ActualExecutionMode="Row">
																						</RunTimeCountersPerThread>
																						<RunTimeCountersPerThread Thread="1" ActualRows="0" Batches="0" ActualElapsedms="0" ActualCPUms="0" ActualEndOfScans="1" ActualExecutions="1" ActualExecutionMode="Row">
																						</RunTimeCountersPerThread>
																						<RunTimeCountersPerThread Thread="0" ActualRows="0" Batches="0" ActualElapsedms="0" ActualCPUms="0" ActualEndOfScans="0" ActualExecutions="0" ActualExecutionMode="Row">
																						</RunTimeCountersPerThread>
																					</RunTimeInformation>
																					<Parallelism PartitioningType="Hash">
																						<PartitionColumns>
																							<ColumnReference Table="[OPENJSON_EXPLICIT]" Column="value">
																							</ColumnReference>
																						</PartitionColumns>
																						<RelOp NodeId="12" PhysicalOp="Table-valued function" LogicalOp="Table-valued function" EstimateRows="50" EstimateIO="0" EstimateCPU="5.0157e-05" AvgRowSize="11" EstimatedTotalSubtreeCost="5.0157e-05" Parallel="0" EstimateRebinds="0" EstimateRewinds="0" EstimatedExecutionMode="Row">
																							<OutputList>
																								<ColumnReference Table="[OPENJSON_EXPLICIT]" Column="value">
																								</ColumnReference>
																							</OutputList>
																							<MemoryFractions Input="0" Output="0">
																							</MemoryFractions>
																							<RunTimeInformation>
																								<RunTimeCountersPerThread Thread="1" ActualRows="3" Batches="0" ActualElapsedms="0" ActualCPUms="0" ActualRebinds="1" ActualRewinds="0" ActualEndOfScans="1" ActualExecutions="1" InputMemoryGrant="32" OutputMemoryGrant="32" UsedMemoryGrant="0" ActualExecutionMode="Row">
																								</RunTimeCountersPerThread>
																								<RunTimeCountersPerThread Thread="0" ActualRows="0" Batches="0" ActualElapsedms="0" ActualCPUms="0" ActualRebinds="0" ActualRewinds="0" ActualEndOfScans="0" ActualExecutions="0" InputMemoryGrant="0" OutputMemoryGrant="0" UsedMemoryGrant="0" ActualExecutionMode="Row">
																								</RunTimeCountersPerThread>
																							</RunTimeInformation>
																							<TableValuedFunction>
																								<DefinedValues>
																									<DefinedValue>
																										<ColumnReference Table="[OPENJSON_EXPLICIT]" Column="value">
																										</ColumnReference>
																									</DefinedValue>
																								</DefinedValues>
																								<Object Table="[OPENJSON_EXPLICIT]">
																								</Object>
																								<ParameterList>
																									<ScalarOperator ScalarString="CONVERT_IMPLICIT(nvarchar(max),[@__biggestLicenses_0],0)">
																										<Identifier>
																											<ColumnReference Column="ConstExpr1002">
																												<ScalarOperator>
																													<Convert DataType="nvarchar(max)" Length="2147483647" Style="0" Implicit="1">
																														<ScalarOperator>
																															<Identifier>
																																<ColumnReference Column="@__biggestLicenses_0">
																																</ColumnReference>
																															</Identifier>
																														</ScalarOperator>
																													</Convert>
																												</ScalarOperator>
																											</ColumnReference>
																										</Identifier>
																									</ScalarOperator>
																									<ScalarOperator ScalarString="N&apos;$&apos;">
																										<Const ConstValue="N&apos;$&apos;">
																										</Const>
																									</ScalarOperator>
																									<ScalarOperator ScalarString="N&apos;$&apos;">
																										<Const ConstValue="N&apos;$&apos;">
																										</Const>
																									</ScalarOperator>
																								</ParameterList>
																							</TableValuedFunction>
																						</RelOp>
																					</Parallelism>
																				</RelOp>
																			</Sort>
																		</RelOp>
																		<RelOp NodeId="13" PhysicalOp="Clustered Index Seek" LogicalOp="Clustered Index Seek" EstimateRows="1" EstimatedRowsRead="1" EstimateIO="0.003125" EstimateCPU="0.0001581" AvgRowSize="11" EstimatedTotalSubtreeCost="0.00727497" TableCardinality="350" Parallel="1" EstimateRebinds="6.07107" EstimateRewinds="0" EstimatedExecutionMode="Row">
																			<OutputList>
																			</OutputList>
																			<RunTimeInformation>
																				<RunTimeCountersPerThread Thread="8" ActualRows="0" Batches="0" ActualElapsedms="0" ActualCPUms="0" ActualScans="0" ActualLogicalReads="0" ActualPhysicalReads="0" ActualReadAheads="0" ActualLobLogicalReads="0" ActualLobPhysicalReads="0" ActualLobReadAheads="0" ActualEndOfScans="0" ActualExecutions="0" ActualExecutionMode="Row">
																				</RunTimeCountersPerThread>
																				<RunTimeCountersPerThread Thread="7" ActualRows="1" Batches="0" ActualElapsedms="0" ActualCPUms="0" ActualScans="0" ActualLogicalReads="2" ActualPhysicalReads="0" ActualReadAheads="0" ActualLobLogicalReads="0" ActualLobPhysicalReads="0" ActualLobReadAheads="0" ActualRowsRead="1" ActualEndOfScans="0" ActualExecutions="1" ActualExecutionMode="Row">
																				</RunTimeCountersPerThread>
																				<RunTimeCountersPerThread Thread="6" ActualRows="0" Batches="0" ActualElapsedms="0" ActualCPUms="0" ActualScans="0" ActualLogicalReads="0" ActualPhysicalReads="0" ActualReadAheads="0" ActualLobLogicalReads="0" ActualLobPhysicalReads="0" ActualLobReadAheads="0" ActualEndOfScans="0" ActualExecutions="0" ActualExecutionMode="Row">
																				</RunTimeCountersPerThread>
																				<RunTimeCountersPerThread Thread="5" ActualRows="1" Batches="0" ActualElapsedms="0" ActualCPUms="0" ActualScans="0" ActualLogicalReads="2" ActualPhysicalReads="0" ActualReadAheads="0" ActualLobLogicalReads="0" ActualLobPhysicalReads="0" ActualLobReadAheads="0" ActualRowsRead="1" ActualEndOfScans="0" ActualExecutions="1" ActualExecutionMode="Row">
																				</RunTimeCountersPerThread>
																				<RunTimeCountersPerThread Thread="4" ActualRows="0" Batches="0" ActualElapsedms="0" ActualCPUms="0" ActualScans="0" ActualLogicalReads="0" ActualPhysicalReads="0" ActualReadAheads="0" ActualLobLogicalReads="0" ActualLobPhysicalReads="0" ActualLobReadAheads="0" ActualEndOfScans="0" ActualExecutions="0" ActualExecutionMode="Row">
																				</RunTimeCountersPerThread>
																				<RunTimeCountersPerThread Thread="3" ActualRows="1" Batches="0" ActualElapsedms="0" ActualCPUms="0" ActualScans="0" ActualLogicalReads="2" ActualPhysicalReads="0" ActualReadAheads="0" ActualLobLogicalReads="0" ActualLobPhysicalReads="0" ActualLobReadAheads="0" ActualRowsRead="1" ActualEndOfScans="0" ActualExecutions="1" ActualExecutionMode="Row">
																				</RunTimeCountersPerThread>
																				<RunTimeCountersPerThread Thread="2" ActualRows="0" Batches="0" ActualElapsedms="0" ActualCPUms="0" ActualScans="0" ActualLogicalReads="0" ActualPhysicalReads="0" ActualReadAheads="0" ActualLobLogicalReads="0" ActualLobPhysicalReads="0" ActualLobReadAheads="0" ActualEndOfScans="0" ActualExecutions="0" ActualExecutionMode="Row">
																				</RunTimeCountersPerThread>
																				<RunTimeCountersPerThread Thread="1" ActualRows="0" Batches="0" ActualElapsedms="0" ActualCPUms="0" ActualScans="0" ActualLogicalReads="0" ActualPhysicalReads="0" ActualReadAheads="0" ActualLobLogicalReads="0" ActualLobPhysicalReads="0" ActualLobReadAheads="0" ActualEndOfScans="0" ActualExecutions="0" ActualExecutionMode="Row">
																				</RunTimeCountersPerThread>
																				<RunTimeCountersPerThread Thread="0" ActualRows="0" Batches="0" ActualElapsedms="0" ActualCPUms="0" ActualScans="0" ActualLogicalReads="0" ActualPhysicalReads="0" ActualReadAheads="0" ActualLobLogicalReads="0" ActualLobPhysicalReads="0" ActualLobReadAheads="0" ActualEndOfScans="0" ActualExecutions="0" ActualExecutionMode="Row">
																				</RunTimeCountersPerThread>
																			</RunTimeInformation>
																			<IndexScan Ordered="1" ScanDirection="FORWARD" ForcedIndex="0" ForceSeek="0" ForceScan="0" NoExpandHint="0" Storage="RowStore">
																				<DefinedValues>
																				</DefinedValues>
																				<Object Database="[EFC_Contains_Json_Regression]" Schema="[dbo]" Table="[Profiles]" Index="[PK_Profiles]" Alias="[p]" IndexKind="Clustered" Storage="RowStore">
																				</Object>
																				<SeekPredicates>
																					<SeekPredicateNew>
																						<SeekKeys>
																							<Prefix ScanType="EQ">
																								<RangeColumns>
																									<ColumnReference Database="[EFC_Contains_Json_Regression]" Schema="[dbo]" Table="[Profiles]" Alias="[p]" Column="Id">
																									</ColumnReference>
																								</RangeColumns>
																								<RangeExpressions>
																									<ScalarOperator ScalarString="OPENJSON_EXPLICIT.[value]">
																										<Identifier>
																											<ColumnReference Table="[OPENJSON_EXPLICIT]" Column="value">
																											</ColumnReference>
																										</Identifier>
																									</ScalarOperator>
																								</RangeExpressions>
																							</Prefix>
																						</SeekKeys>
																					</SeekPredicateNew>
																				</SeekPredicates>
																			</IndexScan>
																		</RelOp>
																	</NestedLoops>
																</RelOp>
																<RelOp NodeId="14" PhysicalOp="Index Seek" LogicalOp="Index Seek" EstimateRows="5507.68" EstimatedRowsRead="5507.68" EstimateIO="0.0186806" EstimateCPU="0.00621545" AvgRowSize="15" EstimatedTotalSubtreeCost="0.157321" TableCardinality="1.89464e+06" Parallel="1" EstimateRebinds="6.07107" EstimateRewinds="0" EstimatedExecutionMode="Row">
																	<OutputList>
																		<ColumnReference Database="[EFC_Contains_Json_Regression]" Schema="[dbo]" Table="[Customers]" Alias="[c]" Column="Id">
																		</ColumnReference>
																	</OutputList>
																	<RunTimeInformation>
																		<RunTimeCountersPerThread Thread="8" ActualRows="0" Batches="0" ActualElapsedms="0" ActualCPUms="0" ActualScans="0" ActualLogicalReads="0" ActualPhysicalReads="0" ActualReadAheads="0" ActualLobLogicalReads="0" ActualLobPhysicalReads="0" ActualLobReadAheads="0" ActualEndOfScans="0" ActualExecutions="0" ActualExecutionMode="Row">
																		</RunTimeCountersPerThread>
																		<RunTimeCountersPerThread Thread="7" ActualRows="11002" Batches="0" ActualElapsedms="1" ActualCPUms="1" ActualScans="1" ActualLogicalReads="45" ActualPhysicalReads="0" ActualReadAheads="0" ActualLobLogicalReads="0" ActualLobPhysicalReads="0" ActualLobReadAheads="0" ActualRowsRead="11002" ActualEndOfScans="1" ActualExecutions="1" ActualExecutionMode="Row">
																		</RunTimeCountersPerThread>
																		<RunTimeCountersPerThread Thread="6" ActualRows="0" Batches="0" ActualElapsedms="0" ActualCPUms="0" ActualScans="0" ActualLogicalReads="0" ActualPhysicalReads="0" ActualReadAheads="0" ActualLobLogicalReads="0" ActualLobPhysicalReads="0" ActualLobReadAheads="0" ActualEndOfScans="0" ActualExecutions="0" ActualExecutionMode="Row">
																		</RunTimeCountersPerThread>
																		<RunTimeCountersPerThread Thread="5" ActualRows="11011" Batches="0" ActualElapsedms="1" ActualCPUms="1" ActualScans="1" ActualLogicalReads="44" ActualPhysicalReads="0" ActualReadAheads="0" ActualLobLogicalReads="0" ActualLobPhysicalReads="0" ActualLobReadAheads="0" ActualRowsRead="11011" ActualEndOfScans="1" ActualExecutions="1" ActualExecutionMode="Row">
																		</RunTimeCountersPerThread>
																		<RunTimeCountersPerThread Thread="4" ActualRows="0" Batches="0" ActualElapsedms="0" ActualCPUms="0" ActualScans="0" ActualLogicalReads="0" ActualPhysicalReads="0" ActualReadAheads="0" ActualLobLogicalReads="0" ActualLobPhysicalReads="0" ActualLobReadAheads="0" ActualEndOfScans="0" ActualExecutions="0" ActualExecutionMode="Row">
																		</RunTimeCountersPerThread>
																		<RunTimeCountersPerThread Thread="3" ActualRows="113329" Batches="0" ActualElapsedms="17" ActualCPUms="17" ActualScans="1" ActualLogicalReads="417" ActualPhysicalReads="0" ActualReadAheads="0" ActualLobLogicalReads="0" ActualLobPhysicalReads="0" ActualLobReadAheads="0" ActualRowsRead="113329" ActualEndOfScans="1" ActualExecutions="1" ActualExecutionMode="Row">
																		</RunTimeCountersPerThread>
																		<RunTimeCountersPerThread Thread="2" ActualRows="0" Batches="0" ActualElapsedms="0" ActualCPUms="0" ActualScans="0" ActualLogicalReads="0" ActualPhysicalReads="0" ActualReadAheads="0" ActualLobLogicalReads="0" ActualLobPhysicalReads="0" ActualLobReadAheads="0" ActualEndOfScans="0" ActualExecutions="0" ActualExecutionMode="Row">
																		</RunTimeCountersPerThread>
																		<RunTimeCountersPerThread Thread="1" ActualRows="0" Batches="0" ActualElapsedms="0" ActualCPUms="0" ActualScans="0" ActualLogicalReads="0" ActualPhysicalReads="0" ActualReadAheads="0" ActualLobLogicalReads="0" ActualLobPhysicalReads="0" ActualLobReadAheads="0" ActualEndOfScans="0" ActualExecutions="0" ActualExecutionMode="Row">
																		</RunTimeCountersPerThread>
																		<RunTimeCountersPerThread Thread="0" ActualRows="0" Batches="0" ActualElapsedms="0" ActualCPUms="0" ActualScans="0" ActualLogicalReads="0" ActualPhysicalReads="0" ActualReadAheads="0" ActualLobLogicalReads="0" ActualLobPhysicalReads="0" ActualLobReadAheads="0" ActualEndOfScans="0" ActualExecutions="0" ActualExecutionMode="Row">
																		</RunTimeCountersPerThread>
																	</RunTimeInformation>
																	<IndexScan Ordered="1" ScanDirection="FORWARD" ForcedIndex="0" ForceSeek="0" ForceScan="0" NoExpandHint="0" Storage="RowStore">
																		<DefinedValues>
																			<DefinedValue>
																				<ColumnReference Database="[EFC_Contains_Json_Regression]" Schema="[dbo]" Table="[Customers]" Alias="[c]" Column="Id">
																				</ColumnReference>
																			</DefinedValue>
																		</DefinedValues>
																		<Object Database="[EFC_Contains_Json_Regression]" Schema="[dbo]" Table="[Customers]" Index="[IX_Customers_ProfileId_Locked]" Alias="[c]" IndexKind="NonClustered" Storage="RowStore">
																		</Object>
																		<SeekPredicates>
																			<SeekPredicateNew>
																				<SeekKeys>
																					<Prefix ScanType="EQ">
																						<RangeColumns>
																							<ColumnReference Database="[EFC_Contains_Json_Regression]" Schema="[dbo]" Table="[Customers]" Alias="[c]" Column="ProfileId">
																							</ColumnReference>
																						</RangeColumns>
																						<RangeExpressions>
																							<ScalarOperator ScalarString="OPENJSON_EXPLICIT.[value]">
																								<Identifier>
																									<ColumnReference Table="[OPENJSON_EXPLICIT]" Column="value">
																									</ColumnReference>
																								</Identifier>
																							</ScalarOperator>
																						</RangeExpressions>
																					</Prefix>
																				</SeekKeys>
																			</SeekPredicateNew>
																		</SeekPredicates>
																	</IndexScan>
																</RelOp>
															</NestedLoops>
														</RelOp>
														<RelOp NodeId="16" PhysicalOp="Clustered Index Seek" LogicalOp="Clustered Index Seek" EstimateRows="1" EstimateIO="0.003125" EstimateCPU="0.0001581" AvgRowSize="4043" EstimatedTotalSubtreeCost="8.65733" TableCardinality="1.89464e+06" Parallel="1" EstimateRebinds="38944.2" EstimateRewinds="0" EstimatedExecutionMode="Row">
															<OutputList>
																<ColumnReference Database="[EFC_Contains_Json_Regression]" Schema="[dbo]" Table="[Customers]" Alias="[c]" Column="LastEdited">
																</ColumnReference>
																<ColumnReference Database="[EFC_Contains_Json_Regression]" Schema="[dbo]" Table="[Customers]" Alias="[c]" Column="Name15">
																</ColumnReference>
															</OutputList>
															<RunTimeInformation>
																<RunTimeCountersPerThread Thread="8" ActualRows="0" Batches="0" ActualElapsedms="0" ActualCPUms="0" ActualScans="0" ActualLogicalReads="0" ActualPhysicalReads="0" ActualReadAheads="0" ActualLobLogicalReads="0" ActualLobPhysicalReads="0" ActualLobReadAheads="0" ActualEndOfScans="0" ActualExecutions="0" ActualExecutionMode="Row">
																</RunTimeCountersPerThread>
																<RunTimeCountersPerThread Thread="7" ActualRows="11002" Batches="0" ActualElapsedms="13" ActualCPUms="13" ActualScans="0" ActualLogicalReads="41920" ActualPhysicalReads="0" ActualReadAheads="0" ActualLobLogicalReads="0" ActualLobPhysicalReads="0" ActualLobReadAheads="0" ActualRowsRead="11002" ActualEndOfScans="0" ActualExecutions="11002" ActualExecutionMode="Row">
																</RunTimeCountersPerThread>
																<RunTimeCountersPerThread Thread="6" ActualRows="0" Batches="0" ActualElapsedms="0" ActualCPUms="0" ActualScans="0" ActualLogicalReads="0" ActualPhysicalReads="0" ActualReadAheads="0" ActualLobLogicalReads="0" ActualLobPhysicalReads="0" ActualLobReadAheads="0" ActualEndOfScans="0" ActualExecutions="0" ActualExecutionMode="Row">
																</RunTimeCountersPerThread>
																<RunTimeCountersPerThread Thread="5" ActualRows="11011" Batches="0" ActualElapsedms="13" ActualCPUms="13" ActualScans="0" ActualLogicalReads="41953" ActualPhysicalReads="0" ActualReadAheads="0" ActualLobLogicalReads="0" ActualLobPhysicalReads="0" ActualLobReadAheads="0" ActualRowsRead="11011" ActualEndOfScans="0" ActualExecutions="11011" ActualExecutionMode="Row">
																</RunTimeCountersPerThread>
																<RunTimeCountersPerThread Thread="4" ActualRows="0" Batches="0" ActualElapsedms="0" ActualCPUms="0" ActualScans="0" ActualLogicalReads="0" ActualPhysicalReads="0" ActualReadAheads="0" ActualLobLogicalReads="0" ActualLobPhysicalReads="0" ActualLobReadAheads="0" ActualEndOfScans="0" ActualExecutions="0" ActualExecutionMode="Row">
																</RunTimeCountersPerThread>
																<RunTimeCountersPerThread Thread="3" ActualRows="113329" Batches="0" ActualElapsedms="145" ActualCPUms="145" ActualScans="0" ActualLogicalReads="432040" ActualPhysicalReads="0" ActualReadAheads="0" ActualLobLogicalReads="0" ActualLobPhysicalReads="0" ActualLobReadAheads="0" ActualRowsRead="113329" ActualEndOfScans="0" ActualExecutions="113329" ActualExecutionMode="Row">
																</RunTimeCountersPerThread>
																<RunTimeCountersPerThread Thread="2" ActualRows="0" Batches="0" ActualElapsedms="0" ActualCPUms="0" ActualScans="0" ActualLogicalReads="0" ActualPhysicalReads="0" ActualReadAheads="0" ActualLobLogicalReads="0" ActualLobPhysicalReads="0" ActualLobReadAheads="0" ActualEndOfScans="0" ActualExecutions="0" ActualExecutionMode="Row">
																</RunTimeCountersPerThread>
																<RunTimeCountersPerThread Thread="1" ActualRows="0" Batches="0" ActualElapsedms="0" ActualCPUms="0" ActualScans="0" ActualLogicalReads="0" ActualPhysicalReads="0" ActualReadAheads="0" ActualLobLogicalReads="0" ActualLobPhysicalReads="0" ActualLobReadAheads="0" ActualEndOfScans="0" ActualExecutions="0" ActualExecutionMode="Row">
																</RunTimeCountersPerThread>
																<RunTimeCountersPerThread Thread="0" ActualRows="0" Batches="0" ActualElapsedms="0" ActualCPUms="0" ActualScans="0" ActualLogicalReads="0" ActualPhysicalReads="0" ActualReadAheads="0" ActualLobLogicalReads="0" ActualLobPhysicalReads="0" ActualLobReadAheads="0" ActualEndOfScans="0" ActualExecutions="0" ActualExecutionMode="Row">
																</RunTimeCountersPerThread>
															</RunTimeInformation>
															<IndexScan Lookup="1" Ordered="1" ScanDirection="FORWARD" ForcedIndex="0" ForceSeek="0" ForceScan="0" NoExpandHint="0" Storage="RowStore">
																<DefinedValues>
																	<DefinedValue>
																		<ColumnReference Database="[EFC_Contains_Json_Regression]" Schema="[dbo]" Table="[Customers]" Alias="[c]" Column="LastEdited">
																		</ColumnReference>
																	</DefinedValue>
																	<DefinedValue>
																		<ColumnReference Database="[EFC_Contains_Json_Regression]" Schema="[dbo]" Table="[Customers]" Alias="[c]" Column="Name15">
																		</ColumnReference>
																	</DefinedValue>
																</DefinedValues>
																<Object Database="[EFC_Contains_Json_Regression]" Schema="[dbo]" Table="[Customers]" Index="[PK_Customers]" Alias="[c]" TableReferenceId="-1" IndexKind="Clustered" Storage="RowStore">
																</Object>
																<SeekPredicates>
																	<SeekPredicateNew>
																		<SeekKeys>
																			<Prefix ScanType="EQ">
																				<RangeColumns>
																					<ColumnReference Database="[EFC_Contains_Json_Regression]" Schema="[dbo]" Table="[Customers]" Alias="[c]" Column="Id">
																					</ColumnReference>
																				</RangeColumns>
																				<RangeExpressions>
																					<ScalarOperator ScalarString="[EFC_Contains_Json_Regression].[dbo].[Customers].[Id] as [c].[Id]">
																						<Identifier>
																							<ColumnReference Database="[EFC_Contains_Json_Regression]" Schema="[dbo]" Table="[Customers]" Alias="[c]" Column="Id">
																							</ColumnReference>
																						</Identifier>
																					</ScalarOperator>
																				</RangeExpressions>
																			</Prefix>
																		</SeekKeys>
																	</SeekPredicateNew>
																</SeekPredicates>
															</IndexScan>
														</RelOp>
													</NestedLoops>
												</RelOp>
											</Sort>
										</RelOp>
									</Parallelism>
								</RelOp>
							</Top>
						</RelOp>
						<ParameterList>
							<ColumnReference Column="@__p_1" ParameterDataType="int" ParameterRuntimeValue="(0)">
							</ColumnReference>
							<ColumnReference Column="@__p_2" ParameterDataType="int" ParameterRuntimeValue="(25)">
							</ColumnReference>
							<ColumnReference Column="@__biggestLicenses_0" ParameterDataType="nvarchar(4000)" ParameterRuntimeValue="N&apos;[341,231,258]&apos;">
							</ColumnReference>
						</ParameterList>
					</QueryPlan>
				</StmtSimple>
			</Statements>
		</Batch>
	</BatchSequence>
</ShowPlanXML>
